<?xml version="1.0" encoding="UTF-8"?>
<!-- Generated by org.testng.reporters.JUnitReportReporter -->
<testsuite hostname="LAPTOP-8VD40C3U" name="com.crm.qa.testcases.FlightTestCases" tests="4" failures="0" timestamp="28 May 2023 05:17:53 GMT" time="13.283" errors="0">
  <testcase name="TC004_SelectFlightName" time="7.354" classname="com.crm.qa.testcases.FlightTestCases"/>
  <testcase name="TC003_CheckifLogoisPresent" time="0.276" classname="com.crm.qa.testcases.FlightTestCases"/>
  <testcase name="TC001_CheckifLogoisPresent" time="0.126" classname="com.crm.qa.testcases.FlightTestCases"/>
  <testcase name="TC002_SelectFlightOption" time="5.527" classname="com.crm.qa.testcases.FlightTestCases"/>
</testsuite> <!-- com.crm.qa.testcases.FlightTestCases -->
