<?xml version="1.0" encoding="UTF-8"?>
<!-- Generated by org.testng.reporters.JUnitReportReporter -->
<testsuite hostname="LAPTOP-8VD40C3U" name="com.crm.qa.testcases.MailTestCases" tests="4" failures="0" timestamp="28 May 2023 05:38:34 GMT" time="65.310" errors="0">
  <testcase name="TC001_LoginwithvalidCredential" time="16.123" classname="com.crm.qa.testcases.MailTestCases"/>
  <testcase name="TC002_CheckForMailLogo" time="12.172" classname="com.crm.qa.testcases.MailTestCases"/>
  <testcase name="TC003_ComposeNewMail" time="28.261" classname="com.crm.qa.testcases.MailTestCases"/>
  <testcase name="TC004_ReadMail" time="8.754" classname="com.crm.qa.testcases.MailTestCases"/>
</testsuite> <!-- com.crm.qa.testcases.MailTestCases -->
